<?xml version="1.0" encoding="UTF-8"?>
<!-- Generated by org.testng.reporters.JUnitReportReporter -->
<testsuite skipped="0" hostname="SUJITH" name="com.Testcases.Lscr_ContactUs" tests="3" failures="0" timestamp="12 Jun 2018 11:27:21 GMT" time="267.111" errors="0">
  <testcase name="Lscr_contactUspage" time="110.099" classname="com.Testcases.Lscr_ContactUs"/>
  <testcase name="Lscr_contactUspage" time="88.568" classname="com.Testcases.Lscr_ContactUs"/>
  <testcase name="Lscr_contactUspage" time="68.444" classname="com.Testcases.Lscr_ContactUs"/>
</testsuite> <!-- com.Testcases.Lscr_ContactUs -->
