<?xml version="1.0" encoding="UTF-8"?>
<!-- Generated by org.testng.reporters.JUnitReportReporter -->
<testsuite skipped="0" hostname="Sujit" name="com.Testcases.Naukri_ValidateLoginFunctionality" tests="2" failures="0" timestamp="02 Jan 2020 09:34:39 GMT" time="74.088" errors="0">
  <testcase name="Naukri_Login" time="39.441" classname="com.Testcases.Naukri_ValidateLoginFunctionality"/>
  <testcase name="Naukri_Login" time="34.647" classname="com.Testcases.Naukri_ValidateLoginFunctionality"/>
</testsuite> <!-- com.Testcases.Naukri_ValidateLoginFunctionality -->
