<?xml version="1.0" encoding="UTF-8"?>
<!-- Generated by org.testng.reporters.JUnitReportReporter -->
<testsuite skipped="0" hostname="Sujit" name="com.Testcases.Naukri_ValidateLoginFunctionality" tests="2" failures="0" timestamp="09 Jan 2020 05:37:54 GMT" time="140.579" errors="0">
  <testcase name="Naukri_Login" time="94.132" classname="com.Testcases.Naukri_ValidateLoginFunctionality"/>
  <testcase name="Naukri_Login" time="46.447" classname="com.Testcases.Naukri_ValidateLoginFunctionality"/>
</testsuite> <!-- com.Testcases.Naukri_ValidateLoginFunctionality -->
